This file contains any messages produced by compilers while
running configure, to aid debugging if configure makes a mistake.

It was created by toolbar configure 0.9, which was
generated by GNU Autoconf 2.68.  Invocation command line was

  $ ./configure 

## --------- ##
## Platform. ##
## --------- ##

hostname = localhost.localdomain
uname -m = x86_64
uname -r = 4.2.5
uname -s = Linux
uname -v = #4 SMP Thu Nov 5 23:20:44 CST 2015

/usr/bin/uname -p = x86_64
/bin/uname -X     = unknown

/bin/arch              = x86_64
/usr/bin/arch -k       = unknown
/usr/convex/getsysinfo = unknown
/usr/bin/hostinfo      = unknown
/bin/machine           = unknown
/usr/bin/oslevel       = unknown
/bin/universe          = unknown

PATH: /home/h00118483/.rbenv/shims
PATH: .
PATH: /home/h00118483/.rbenv/bin
PATH: /home/h00118483/llvm/bin
PATH: /usr/local/bin
PATH: /usr/bin
PATH: /bin
PATH: /usr/local/sbin
PATH: /usr/sbin
PATH: /home/h00118483/.local/bin
PATH: /home/h00118483/bin
PATH: /home/h00118483/下载/apache-ant-1.9.4/bin
PATH: /home/h00118483/_download/apache-maven/bin
PATH: /usr/lib/jvm/java-openjdk/bin
PATH: /home/h00118483/_download/nexus-2.8.0-05/bin
PATH: /home/h00118483/opensource/go/bin
PATH: /home/h00118483/working/go/bin
PATH: /home/h00118483/opensource/mongodb-linux-x86_64-2.6.4/bin
PATH: /home/h00118483/Visual_Paradigm_CE_12.2/bin
PATH: /home/h00118483/opensource/firefox


## ----------- ##
## Core tests. ##
## ----------- ##

configure:1871: checking for a BSD-compatible install
configure:1939: result: /usr/bin/install -c
configure:1950: checking whether build environment is sane
configure:2000: result: yes
configure:2141: checking for a thread-safe mkdir -p
configure:2180: result: /usr/bin/mkdir -p
configure:2193: checking for gawk
configure:2209: found /usr/bin/gawk
configure:2220: result: gawk
configure:2231: checking whether make sets $(MAKE)
configure:2253: result: yes
configure:2376: checking for ranlib
configure:2392: found /usr/bin/ranlib
configure:2403: result: ranlib
configure:2483: checking for g++
configure:2499: found /usr/bin/g++
configure:2510: result: g++
configure:2537: checking for C++ compiler version
configure:2546: g++ --version >&5
g++ (GCC) 4.7.0 20120507 (Red Hat 4.7.0-5)
Copyright (C) 2012 Free Software Foundation, Inc.
This is free software; see the source for copying conditions.  There is NO
warranty; not even for MERCHANTABILITY or FITNESS FOR A PARTICULAR PURPOSE.

configure:2557: $? = 0
configure:2546: g++ -v >&5
Using built-in specs.
COLLECT_GCC=g++
COLLECT_LTO_WRAPPER=/usr/libexec/gcc/x86_64-redhat-linux/4.7.0/lto-wrapper
Target: x86_64-redhat-linux
Configured with: ../configure --prefix=/usr --mandir=/usr/share/man --infodir=/usr/share/info --with-bugurl=http://bugzilla.redhat.com/bugzilla --enable-bootstrap --enable-shared --enable-threads=posix --enable-checking=release --disable-build-with-cxx --disable-build-poststage1-with-cxx --with-system-zlib --enable-__cxa_atexit --disable-libunwind-exceptions --enable-gnu-unique-object --enable-linker-build-id --with-linker-hash-style=gnu --enable-languages=c,c++,objc,obj-c++,java,fortran,ada,go,lto --enable-plugin --enable-initfini-array --enable-java-awt=gtk --disable-dssi --with-java-home=/usr/lib/jvm/java-1.5.0-gcj-1.5.0.0/jre --enable-libgcj-multifile --enable-java-maintainer-mode --with-ecj-jar=/usr/share/java/eclipse-ecj.jar --disable-libjava-multilib --with-ppl --with-cloog --with-tune=generic --with-arch_32=i686 --build=x86_64-redhat-linux
Thread model: posix
gcc version 4.7.0 20120507 (Red Hat 4.7.0-5) (GCC) 
configure:2557: $? = 0
configure:2546: g++ -V >&5
g++: error: unrecognized command line option '-V'
g++: fatal error: no input files
compilation terminated.
configure:2557: $? = 4
configure:2546: g++ -qversion >&5
g++: error: unrecognized command line option '-qversion'
g++: fatal error: no input files
compilation terminated.
configure:2557: $? = 4
configure:2577: checking whether the C++ compiler works
configure:2599: g++    conftest.cpp  >&5
configure:2603: $? = 0
configure:2651: result: yes
configure:2654: checking for C++ compiler default output file name
configure:2656: result: a.out
configure:2662: checking for suffix of executables
configure:2669: g++ -o conftest    conftest.cpp  >&5
configure:2673: $? = 0
configure:2695: result: 
configure:2717: checking whether we are cross compiling
configure:2725: g++ -o conftest    conftest.cpp  >&5
configure:2729: $? = 0
configure:2736: ./conftest
configure:2740: $? = 0
configure:2755: result: no
configure:2760: checking for suffix of object files
configure:2782: g++ -c   conftest.cpp >&5
configure:2786: $? = 0
configure:2807: result: o
configure:2811: checking whether we are using the GNU C++ compiler
configure:2830: g++ -c   conftest.cpp >&5
configure:2830: $? = 0
configure:2839: result: yes
configure:2848: checking whether g++ accepts -g
configure:2868: g++ -c -g  conftest.cpp >&5
configure:2868: $? = 0
configure:2909: result: yes
configure:2943: checking for style of include used by make
configure:2971: result: GNU
configure:2997: checking dependency style of g++
configure:3108: result: gcc3
configure:3171: checking for gcc
configure:3187: found /usr/bin/gcc
configure:3198: result: gcc
configure:3427: checking for C compiler version
configure:3436: gcc --version >&5
gcc (GCC) 4.7.0 20120507 (Red Hat 4.7.0-5)
Copyright (C) 2012 Free Software Foundation, Inc.
This is free software; see the source for copying conditions.  There is NO
warranty; not even for MERCHANTABILITY or FITNESS FOR A PARTICULAR PURPOSE.

configure:3447: $? = 0
configure:3436: gcc -v >&5
Using built-in specs.
COLLECT_GCC=gcc
COLLECT_LTO_WRAPPER=/usr/libexec/gcc/x86_64-redhat-linux/4.7.0/lto-wrapper
Target: x86_64-redhat-linux
Configured with: ../configure --prefix=/usr --mandir=/usr/share/man --infodir=/usr/share/info --with-bugurl=http://bugzilla.redhat.com/bugzilla --enable-bootstrap --enable-shared --enable-threads=posix --enable-checking=release --disable-build-with-cxx --disable-build-poststage1-with-cxx --with-system-zlib --enable-__cxa_atexit --disable-libunwind-exceptions --enable-gnu-unique-object --enable-linker-build-id --with-linker-hash-style=gnu --enable-languages=c,c++,objc,obj-c++,java,fortran,ada,go,lto --enable-plugin --enable-initfini-array --enable-java-awt=gtk --disable-dssi --with-java-home=/usr/lib/jvm/java-1.5.0-gcj-1.5.0.0/jre --enable-libgcj-multifile --enable-java-maintainer-mode --with-ecj-jar=/usr/share/java/eclipse-ecj.jar --disable-libjava-multilib --with-ppl --with-cloog --with-tune=generic --with-arch_32=i686 --build=x86_64-redhat-linux
Thread model: posix
gcc version 4.7.0 20120507 (Red Hat 4.7.0-5) (GCC) 
configure:3447: $? = 0
configure:3436: gcc -V >&5
gcc: error: unrecognized command line option '-V'
gcc: fatal error: no input files
compilation terminated.
configure:3447: $? = 4
configure:3436: gcc -qversion >&5
gcc: error: unrecognized command line option '-qversion'
gcc: fatal error: no input files
compilation terminated.
configure:3447: $? = 4
configure:3451: checking whether we are using the GNU C compiler
configure:3470: gcc -c   conftest.c >&5
configure:3470: $? = 0
configure:3479: result: yes
configure:3488: checking whether gcc accepts -g
configure:3508: gcc -c -g  conftest.c >&5
configure:3508: $? = 0
configure:3549: result: yes
configure:3566: checking for gcc option to accept ISO C89
configure:3630: gcc  -c -g -O2  conftest.c >&5
configure:3630: $? = 0
configure:3643: result: none needed
configure:3665: checking dependency style of gcc
configure:3776: result: gcc3
configure:3968: creating ./config.status

## ---------------------- ##
## Running config.status. ##
## ---------------------- ##

This file was extended by toolbar config.status 0.9, which was
generated by GNU Autoconf 2.68.  Invocation command line was

  CONFIG_FILES    = 
  CONFIG_HEADERS  = 
  CONFIG_LINKS    = 
  CONFIG_COMMANDS = 
  $ ./config.status 

on localhost.localdomain

config.status:859: creating Makefile
config.status:859: creating src/Makefile
config.status:859: creating config.h
config.status:1088: executing depfiles commands

## ---------------- ##
## Cache variables. ##
## ---------------- ##

ac_cv_c_compiler_gnu=yes
ac_cv_cxx_compiler_gnu=yes
ac_cv_env_CCC_set=
ac_cv_env_CCC_value=
ac_cv_env_CC_set=
ac_cv_env_CC_value=
ac_cv_env_CFLAGS_set=
ac_cv_env_CFLAGS_value=
ac_cv_env_CPPFLAGS_set=
ac_cv_env_CPPFLAGS_value=
ac_cv_env_CXXFLAGS_set=
ac_cv_env_CXXFLAGS_value=
ac_cv_env_CXX_set=
ac_cv_env_CXX_value=
ac_cv_env_LDFLAGS_set=
ac_cv_env_LDFLAGS_value=
ac_cv_env_LIBS_set=
ac_cv_env_LIBS_value=
ac_cv_env_build_alias_set=
ac_cv_env_build_alias_value=
ac_cv_env_host_alias_set=
ac_cv_env_host_alias_value=
ac_cv_env_target_alias_set=
ac_cv_env_target_alias_value=
ac_cv_objext=o
ac_cv_path_install='/usr/bin/install -c'
ac_cv_path_mkdir=/usr/bin/mkdir
ac_cv_prog_AWK=gawk
ac_cv_prog_ac_ct_CC=gcc
ac_cv_prog_ac_ct_CXX=g++
ac_cv_prog_ac_ct_RANLIB=ranlib
ac_cv_prog_cc_c89=
ac_cv_prog_cc_g=yes
ac_cv_prog_cxx_g=yes
ac_cv_prog_make_make_set=yes
am_cv_CC_dependencies_compiler_type=gcc3
am_cv_CXX_dependencies_compiler_type=gcc3

## ----------------- ##
## Output variables. ##
## ----------------- ##

ACLOCAL='${SHELL} /home/h00118483/working/top/toolbar/build-aux/missing --run aclocal-1.11'
AMDEPBACKSLASH='\'
AMDEP_FALSE='#'
AMDEP_TRUE=''
AMTAR='$${TAR-tar}'
AUTOCONF='${SHELL} /home/h00118483/working/top/toolbar/build-aux/missing --run autoconf'
AUTOHEADER='${SHELL} /home/h00118483/working/top/toolbar/build-aux/missing --run autoheader'
AUTOMAKE='${SHELL} /home/h00118483/working/top/toolbar/build-aux/missing --run automake-1.11'
AWK='gawk'
CC='gcc'
CCDEPMODE='depmode=gcc3'
CFLAGS='-g -O2'
CHECK_TEST_FALSE='#'
CHECK_TEST_TRUE=''
CPPFLAGS=''
CPPUNIT_CFLAGS='-I/usr/local/include  '
CPPUNIT_LDFLAGS='-L/usr/local/lib -lcppunit -ldl  '
CXX='g++'
CXXDEPMODE='depmode=gcc3'
CXXFLAGS='-g -O2'
CYGPATH_W='echo'
DEFS='-DHAVE_CONFIG_H'
DEPDIR='.deps'
ECHO_C=''
ECHO_N='-n'
ECHO_T=''
EXEEXT=''
INSTALL_DATA='${INSTALL} -m 644'
INSTALL_PROGRAM='${INSTALL}'
INSTALL_SCRIPT='${INSTALL}'
INSTALL_STRIP_PROGRAM='$(install_sh) -c -s'
LDFLAGS=''
LIBOBJS=''
LIBS=''
LTLIBOBJS=''
MAKEINFO='${SHELL} /home/h00118483/working/top/toolbar/build-aux/missing --run makeinfo'
MKDIR_P='/usr/bin/mkdir -p'
OBJEXT='o'
PACKAGE='toolbar'
PACKAGE_BUGREPORT='hantingjun@huawei.com'
PACKAGE_NAME='toolbar'
PACKAGE_STRING='toolbar 0.9'
PACKAGE_TARNAME='toolbar'
PACKAGE_URL=''
PACKAGE_VERSION='0.9'
PATH_SEPARATOR=':'
RANLIB='ranlib'
SET_MAKE=''
SHELL='/bin/sh'
STRIP=''
VERSION='0.9'
ac_ct_CC='gcc'
ac_ct_CXX='g++'
am__EXEEXT_FALSE=''
am__EXEEXT_TRUE='#'
am__fastdepCC_FALSE='#'
am__fastdepCC_TRUE=''
am__fastdepCXX_FALSE='#'
am__fastdepCXX_TRUE=''
am__include='include'
am__isrc=''
am__leading_dot='.'
am__nodep='_no'
am__quote=''
am__tar='$${TAR-tar} chof - "$$tardir"'
am__untar='$${TAR-tar} xf -'
bindir='${exec_prefix}/bin'
build_alias=''
datadir='${datarootdir}'
datarootdir='${prefix}/share'
docdir='${datarootdir}/doc/${PACKAGE_TARNAME}'
dvidir='${docdir}'
exec_prefix='${prefix}'
host_alias=''
htmldir='${docdir}'
includedir='${prefix}/include'
infodir='${datarootdir}/info'
install_sh='${SHELL} /home/h00118483/working/top/toolbar/build-aux/install-sh'
libdir='${exec_prefix}/lib'
libexecdir='${exec_prefix}/libexec'
localedir='${datarootdir}/locale'
localstatedir='${prefix}/var'
mandir='${datarootdir}/man'
mkdir_p='/usr/bin/mkdir -p'
oldincludedir='/usr/include'
pdfdir='${docdir}'
prefix='/usr/local'
program_transform_name='s,x,x,'
psdir='${docdir}'
sbindir='${exec_prefix}/sbin'
sharedstatedir='${prefix}/com'
sysconfdir='${prefix}/etc'
target_alias=''

## ----------- ##
## confdefs.h. ##
## ----------- ##

/* confdefs.h */
#define PACKAGE_NAME "toolbar"
#define PACKAGE_TARNAME "toolbar"
#define PACKAGE_VERSION "0.9"
#define PACKAGE_STRING "toolbar 0.9"
#define PACKAGE_BUGREPORT "hantingjun@huawei.com"
#define PACKAGE_URL ""
#define PACKAGE "toolbar"
#define VERSION "0.9"

configure: exit 0
